2016-06-04 16:42:32 Notice: Notice (8): Undefined variable: routes in [/var/www/html/slackathon/config/routes.php, line 56]
Request URL: /
Client IP: 206.125.167.170
Trace:
Cake\Error\BaseErrorHandler::handleError() - CORE/src/Error/BaseErrorHandler.php, line 146
Cake\Routing\Router::{closure}() - ROOT/config/routes.php, line 56
Cake\Routing\RouteBuilder::scope() - CORE/src/Routing/RouteBuilder.php, line 655
Cake\Routing\Router::scope() - CORE/src/Routing/Router.php, line 879
include - ROOT/config/routes.php, line 57
Cake\Routing\Router::_loadRoutes() - CORE/src/Routing/Router.php, line 969
Cake\Routing\Router::parse() - CORE/src/Routing/Router.php, line 333
Cake\Routing\Filter\RoutingFilter::beforeDispatch() - CORE/src/Routing/Filter/RoutingFilter.php, line 55
Cake\Routing\DispatcherFilter::handle() - CORE/src/Routing/DispatcherFilter.php, line 145
Cake\Event\EventManager::_callListener() - CORE/src/Event/EventManager.php, line 390
Cake\Event\EventManager::dispatch() - CORE/src/Event/EventManager.php, line 356
Cake\Routing\Dispatcher::dispatchEvent() - CORE/src/Event/EventDispatcherTrait.php, line 78
Cake\Routing\Dispatcher::dispatch() - CORE/src/Routing/Dispatcher.php, line 62
[main] - ROOT/webroot/index.php, line 37



2016-06-04 16:42:33 Notice: Notice (8): Undefined variable: routes in [/var/www/html/slackathon/config/routes.php, line 56]
Request URL: /
Client IP: 206.125.167.170
Trace:
Cake\Error\BaseErrorHandler::handleError() - CORE/src/Error/BaseErrorHandler.php, line 146
Cake\Routing\Router::{closure}() - ROOT/config/routes.php, line 56
Cake\Routing\RouteBuilder::scope() - CORE/src/Routing/RouteBuilder.php, line 655
Cake\Routing\Router::scope() - CORE/src/Routing/Router.php, line 879
include - ROOT/config/routes.php, line 57
Cake\Routing\Router::_loadRoutes() - CORE/src/Routing/Router.php, line 969
Cake\Routing\Router::parse() - CORE/src/Routing/Router.php, line 333
Cake\Routing\Filter\RoutingFilter::beforeDispatch() - CORE/src/Routing/Filter/RoutingFilter.php, line 55
Cake\Routing\DispatcherFilter::handle() - CORE/src/Routing/DispatcherFilter.php, line 145
Cake\Event\EventManager::_callListener() - CORE/src/Event/EventManager.php, line 390
Cake\Event\EventManager::dispatch() - CORE/src/Event/EventManager.php, line 356
Cake\Routing\Dispatcher::dispatchEvent() - CORE/src/Event/EventDispatcherTrait.php, line 78
Cake\Routing\Dispatcher::dispatch() - CORE/src/Routing/Dispatcher.php, line 62
[main] - ROOT/webroot/index.php, line 37



2016-06-04 16:42:34 Notice: Notice (8): Undefined variable: routes in [/var/www/html/slackathon/config/routes.php, line 56]
Request URL: /api
Client IP: 206.125.167.170
Trace:
Cake\Error\BaseErrorHandler::handleError() - CORE/src/Error/BaseErrorHandler.php, line 146
Cake\Routing\Router::{closure}() - ROOT/config/routes.php, line 56
Cake\Routing\RouteBuilder::scope() - CORE/src/Routing/RouteBuilder.php, line 655
Cake\Routing\Router::scope() - CORE/src/Routing/Router.php, line 879
include - ROOT/config/routes.php, line 57
Cake\Routing\Router::_loadRoutes() - CORE/src/Routing/Router.php, line 969
Cake\Routing\Router::parse() - CORE/src/Routing/Router.php, line 333
Cake\Routing\Filter\RoutingFilter::beforeDispatch() - CORE/src/Routing/Filter/RoutingFilter.php, line 55
Cake\Routing\DispatcherFilter::handle() - CORE/src/Routing/DispatcherFilter.php, line 145
Cake\Event\EventManager::_callListener() - CORE/src/Event/EventManager.php, line 390
Cake\Event\EventManager::dispatch() - CORE/src/Event/EventManager.php, line 356
Cake\Routing\Dispatcher::dispatchEvent() - CORE/src/Event/EventDispatcherTrait.php, line 78
Cake\Routing\Dispatcher::dispatch() - CORE/src/Routing/Dispatcher.php, line 62
[main] - ROOT/webroot/index.php, line 37



2016-06-04 17:16:54 Notice: Notice (8): Uninitialized string offset: 0 in [/var/www/html/slackathon/vendor/cakephp/cakephp/src/View/Helper/UrlHelper.php, line 129]
Request URL: /
Client IP: 206.125.167.170
Trace:
Cake\Error\BaseErrorHandler::handleError() - CORE/src/Error/BaseErrorHandler.php, line 146
Cake\View\Helper\UrlHelper::assetUrl() - CORE/src/View/Helper/UrlHelper.php, line 129
Cake\View\Helper\UrlHelper::script() - CORE/src/View/Helper/UrlHelper.php, line 101
Cake\View\Helper\HtmlHelper::script() - CORE/src/View/Helper/HtmlHelper.php, line 531
include - APP/Template/Splash/index.ctp, line 5
Cake\View\View::_evaluate() - CORE/src/View/View.php, line 992
Cake\View\View::_render() - CORE/src/View/View.php, line 952
Cake\View\View::render() - CORE/src/View/View.php, line 587
Cake\Controller\Controller::render() - CORE/src/Controller/Controller.php, line 611
Cake\Routing\Dispatcher::_invoke() - CORE/src/Routing/Dispatcher.php, line 120
Cake\Routing\Dispatcher::dispatch() - CORE/src/Routing/Dispatcher.php, line 87
[main] - ROOT/webroot/index.php, line 37



2016-06-04 18:45:02 Notice: Notice (8): Undefined variable: ch_response in [/var/www/html/slackathon/src/Controller/RequestsController.php, line 48]
Request URL: /requests.json
Client IP: 52.90.146.42
Trace:
Cake\Error\BaseErrorHandler::handleError() - CORE/src/Error/BaseErrorHandler.php, line 146
App\Controller\RequestsController::add() - APP/Controller/RequestsController.php, line 48
Cake\Controller\Controller::invokeAction() - CORE/src/Controller/Controller.php, line 429
Cake\Routing\Dispatcher::_invoke() - CORE/src/Routing/Dispatcher.php, line 114
Cake\Routing\Dispatcher::dispatch() - CORE/src/Routing/Dispatcher.php, line 87
[main] - ROOT/webroot/index.php, line 37



2016-06-04 18:45:02 Notice: Notice (8): Undefined variable: ch_response in [/var/www/html/slackathon/src/Controller/RequestsController.php, line 53]
Request URL: /requests.json
Client IP: 52.90.146.42
Trace:
Cake\Error\BaseErrorHandler::handleError() - CORE/src/Error/BaseErrorHandler.php, line 146
App\Controller\RequestsController::add() - APP/Controller/RequestsController.php, line 53
Cake\Controller\Controller::invokeAction() - CORE/src/Controller/Controller.php, line 429
Cake\Routing\Dispatcher::_invoke() - CORE/src/Routing/Dispatcher.php, line 114
Cake\Routing\Dispatcher::dispatch() - CORE/src/Routing/Dispatcher.php, line 87
[main] - ROOT/webroot/index.php, line 37



2016-06-04 18:45:02 Notice: Notice (8): Undefined variable: reply in [/var/www/html/slackathon/src/Controller/RequestsController.php, line 71]
Request URL: /requests.json
Client IP: 52.90.146.42
Trace:
Cake\Error\BaseErrorHandler::handleError() - CORE/src/Error/BaseErrorHandler.php, line 146
App\Controller\RequestsController::add() - APP/Controller/RequestsController.php, line 71
Cake\Controller\Controller::invokeAction() - CORE/src/Controller/Controller.php, line 429
Cake\Routing\Dispatcher::_invoke() - CORE/src/Routing/Dispatcher.php, line 114
Cake\Routing\Dispatcher::dispatch() - CORE/src/Routing/Dispatcher.php, line 87
[main] - ROOT/webroot/index.php, line 37



2016-06-04 18:45:27 Notice: Notice (8): Undefined variable: ch_response in [/var/www/html/slackathon/src/Controller/RequestsController.php, line 50]
Request URL: /requests.json
Client IP: 54.89.92.4
Trace:
Cake\Error\BaseErrorHandler::handleError() - CORE/src/Error/BaseErrorHandler.php, line 146
App\Controller\RequestsController::add() - APP/Controller/RequestsController.php, line 50
Cake\Controller\Controller::invokeAction() - CORE/src/Controller/Controller.php, line 429
Cake\Routing\Dispatcher::_invoke() - CORE/src/Routing/Dispatcher.php, line 114
Cake\Routing\Dispatcher::dispatch() - CORE/src/Routing/Dispatcher.php, line 87
[main] - ROOT/webroot/index.php, line 37



2016-06-04 18:45:27 Notice: Notice (8): Undefined variable: response_array in [/var/www/html/slackathon/src/Controller/RequestsController.php, line 54]
Request URL: /requests.json
Client IP: 54.89.92.4
Trace:
Cake\Error\BaseErrorHandler::handleError() - CORE/src/Error/BaseErrorHandler.php, line 146
App\Controller\RequestsController::add() - APP/Controller/RequestsController.php, line 54
Cake\Controller\Controller::invokeAction() - CORE/src/Controller/Controller.php, line 429
Cake\Routing\Dispatcher::_invoke() - CORE/src/Routing/Dispatcher.php, line 114
Cake\Routing\Dispatcher::dispatch() - CORE/src/Routing/Dispatcher.php, line 87
[main] - ROOT/webroot/index.php, line 37



2016-06-04 18:45:27 Notice: Notice (8): Undefined variable: response_array in [/var/www/html/slackathon/src/Controller/RequestsController.php, line 57]
Request URL: /requests.json
Client IP: 54.89.92.4
Trace:
Cake\Error\BaseErrorHandler::handleError() - CORE/src/Error/BaseErrorHandler.php, line 146
App\Controller\RequestsController::add() - APP/Controller/RequestsController.php, line 57
Cake\Controller\Controller::invokeAction() - CORE/src/Controller/Controller.php, line 429
Cake\Routing\Dispatcher::_invoke() - CORE/src/Routing/Dispatcher.php, line 114
Cake\Routing\Dispatcher::dispatch() - CORE/src/Routing/Dispatcher.php, line 87
[main] - ROOT/webroot/index.php, line 37



2016-06-04 18:45:27 Notice: Notice (8): Undefined variable: response_array in [/var/www/html/slackathon/src/Controller/RequestsController.php, line 60]
Request URL: /requests.json
Client IP: 54.89.92.4
Trace:
Cake\Error\BaseErrorHandler::handleError() - CORE/src/Error/BaseErrorHandler.php, line 146
App\Controller\RequestsController::add() - APP/Controller/RequestsController.php, line 60
Cake\Controller\Controller::invokeAction() - CORE/src/Controller/Controller.php, line 429
Cake\Routing\Dispatcher::_invoke() - CORE/src/Routing/Dispatcher.php, line 114
Cake\Routing\Dispatcher::dispatch() - CORE/src/Routing/Dispatcher.php, line 87
[main] - ROOT/webroot/index.php, line 37



2016-06-04 18:45:27 Notice: Notice (8): Undefined variable: reply in [/var/www/html/slackathon/src/Controller/RequestsController.php, line 68]
Request URL: /requests.json
Client IP: 54.89.92.4
Trace:
Cake\Error\BaseErrorHandler::handleError() - CORE/src/Error/BaseErrorHandler.php, line 146
App\Controller\RequestsController::add() - APP/Controller/RequestsController.php, line 68
Cake\Controller\Controller::invokeAction() - CORE/src/Controller/Controller.php, line 429
Cake\Routing\Dispatcher::_invoke() - CORE/src/Routing/Dispatcher.php, line 114
Cake\Routing\Dispatcher::dispatch() - CORE/src/Routing/Dispatcher.php, line 87
[main] - ROOT/webroot/index.php, line 37



2016-06-04 18:48:58 Notice: Notice (8): Undefined variable: response_array in [/var/www/html/slackathon/src/Controller/RequestsController.php, line 54]
Request URL: /requests.json
Client IP: 54.174.114.150
Trace:
Cake\Error\BaseErrorHandler::handleError() - CORE/src/Error/BaseErrorHandler.php, line 146
App\Controller\RequestsController::add() - APP/Controller/RequestsController.php, line 54
Cake\Controller\Controller::invokeAction() - CORE/src/Controller/Controller.php, line 429
Cake\Routing\Dispatcher::_invoke() - CORE/src/Routing/Dispatcher.php, line 114
Cake\Routing\Dispatcher::dispatch() - CORE/src/Routing/Dispatcher.php, line 87
[main] - ROOT/webroot/index.php, line 37



2016-06-04 18:48:58 Notice: Notice (8): Undefined variable: response_array in [/var/www/html/slackathon/src/Controller/RequestsController.php, line 54]
Request URL: /requests.json
Client IP: 54.174.114.150
Trace:
Cake\Error\BaseErrorHandler::handleError() - CORE/src/Error/BaseErrorHandler.php, line 146
App\Controller\RequestsController::add() - APP/Controller/RequestsController.php, line 54
Cake\Controller\Controller::invokeAction() - CORE/src/Controller/Controller.php, line 429
Cake\Routing\Dispatcher::_invoke() - CORE/src/Routing/Dispatcher.php, line 114
Cake\Routing\Dispatcher::dispatch() - CORE/src/Routing/Dispatcher.php, line 87
[main] - ROOT/webroot/index.php, line 37



2016-06-04 20:28:00 Notice: Notice (8): Undefined variable: fields in [/var/www/html/slackathon/src/Controller/RequestsController.php, line 108]
Request URL: /requests.json
Client IP: 54.165.241.61
Trace:
Cake\Error\BaseErrorHandler::handleError() - CORE/src/Error/BaseErrorHandler.php, line 146
App\Controller\RequestsController::add() - APP/Controller/RequestsController.php, line 108
Cake\Controller\Controller::invokeAction() - CORE/src/Controller/Controller.php, line 429
Cake\Routing\Dispatcher::_invoke() - CORE/src/Routing/Dispatcher.php, line 114
Cake\Routing\Dispatcher::dispatch() - CORE/src/Routing/Dispatcher.php, line 87
[main] - ROOT/webroot/index.php, line 37



2016-06-04 20:31:00 Notice: Notice (8): Undefined variable: fields in [/var/www/html/slackathon/src/Controller/RequestsController.php, line 109]
Request URL: /requests.json
Client IP: 54.209.231.248
Trace:
Cake\Error\BaseErrorHandler::handleError() - CORE/src/Error/BaseErrorHandler.php, line 146
App\Controller\RequestsController::add() - APP/Controller/RequestsController.php, line 109
Cake\Controller\Controller::invokeAction() - CORE/src/Controller/Controller.php, line 429
Cake\Routing\Dispatcher::_invoke() - CORE/src/Routing/Dispatcher.php, line 114
Cake\Routing\Dispatcher::dispatch() - CORE/src/Routing/Dispatcher.php, line 87
[main] - ROOT/webroot/index.php, line 37



2016-06-04 20:32:34 Notice: Notice (8): Undefined variable: fields in [/var/www/html/slackathon/src/Controller/RequestsController.php, line 65]
Request URL: /requests.json
Client IP: 54.165.241.61
Trace:
Cake\Error\BaseErrorHandler::handleError() - CORE/src/Error/BaseErrorHandler.php, line 146
App\Controller\RequestsController::add() - APP/Controller/RequestsController.php, line 65
Cake\Controller\Controller::invokeAction() - CORE/src/Controller/Controller.php, line 429
Cake\Routing\Dispatcher::_invoke() - CORE/src/Routing/Dispatcher.php, line 114
Cake\Routing\Dispatcher::dispatch() - CORE/src/Routing/Dispatcher.php, line 87
[main] - ROOT/webroot/index.php, line 37



2016-06-04 20:33:52 Notice: Notice (8): Undefined variable: fields in [/var/www/html/slackathon/src/Controller/RequestsController.php, line 65]
Request URL: /requests.json
Client IP: 52.90.146.42
Trace:
Cake\Error\BaseErrorHandler::handleError() - CORE/src/Error/BaseErrorHandler.php, line 146
App\Controller\RequestsController::add() - APP/Controller/RequestsController.php, line 65
Cake\Controller\Controller::invokeAction() - CORE/src/Controller/Controller.php, line 429
Cake\Routing\Dispatcher::_invoke() - CORE/src/Routing/Dispatcher.php, line 114
Cake\Routing\Dispatcher::dispatch() - CORE/src/Routing/Dispatcher.php, line 87
[main] - ROOT/webroot/index.php, line 37



2016-06-04 22:44:10 Notice: Notice (8): Undefined offset: 0 in [/var/www/html/slackathon/src/Controller/RequestsController.php, line 44]
Request URL: /requests.json
Client IP: 54.89.92.4
Trace:
Cake\Error\BaseErrorHandler::handleError() - CORE/src/Error/BaseErrorHandler.php, line 146
App\Controller\RequestsController::add() - APP/Controller/RequestsController.php, line 44
Cake\Controller\Controller::invokeAction() - CORE/src/Controller/Controller.php, line 429
Cake\Routing\Dispatcher::_invoke() - CORE/src/Routing/Dispatcher.php, line 114
Cake\Routing\Dispatcher::dispatch() - CORE/src/Routing/Dispatcher.php, line 87
[main] - ROOT/webroot/index.php, line 37



2016-06-05 05:47:01 Notice: Notice (8): Undefined variable: data_entry in [/var/www/html/slackathon/src/Controller/RequestsController.php, line 40]
Request URL: /requests.json
Client IP: 54.165.241.61
Trace:
Cake\Error\BaseErrorHandler::handleError() - CORE/src/Error/BaseErrorHandler.php, line 146
App\Controller\RequestsController::add() - APP/Controller/RequestsController.php, line 40
Cake\Controller\Controller::invokeAction() - CORE/src/Controller/Controller.php, line 429
Cake\Routing\Dispatcher::_invoke() - CORE/src/Routing/Dispatcher.php, line 114
Cake\Routing\Dispatcher::dispatch() - CORE/src/Routing/Dispatcher.php, line 87
[main] - ROOT/webroot/index.php, line 37



2016-06-05 05:47:01 Notice: Notice (8): Trying to get property of non-object in [/var/www/html/slackathon/src/Controller/RequestsController.php, line 40]
Request URL: /requests.json
Client IP: 54.165.241.61
Trace:
Cake\Error\BaseErrorHandler::handleError() - CORE/src/Error/BaseErrorHandler.php, line 146
App\Controller\RequestsController::add() - APP/Controller/RequestsController.php, line 40
Cake\Controller\Controller::invokeAction() - CORE/src/Controller/Controller.php, line 429
Cake\Routing\Dispatcher::_invoke() - CORE/src/Routing/Dispatcher.php, line 114
Cake\Routing\Dispatcher::dispatch() - CORE/src/Routing/Dispatcher.php, line 87
[main] - ROOT/webroot/index.php, line 37



2016-06-05 05:47:31 Notice: Notice (8): Undefined variable: entry_id in [/var/www/html/slackathon/src/Controller/RequestsController.php, line 57]
Request URL: /requests.json
Client IP: 52.91.184.228
Trace:
Cake\Error\BaseErrorHandler::handleError() - CORE/src/Error/BaseErrorHandler.php, line 146
App\Controller\RequestsController::add() - APP/Controller/RequestsController.php, line 57
Cake\Controller\Controller::invokeAction() - CORE/src/Controller/Controller.php, line 429
Cake\Routing\Dispatcher::_invoke() - CORE/src/Routing/Dispatcher.php, line 114
Cake\Routing\Dispatcher::dispatch() - CORE/src/Routing/Dispatcher.php, line 87
[main] - ROOT/webroot/index.php, line 37



2016-06-05 06:24:36 Notice: Notice (8): Undefined variable: entry_id in [/var/www/html/slackathon/src/Controller/RequestsController.php, line 14]
Request URL: /requests.json
Client IP: 54.165.241.61
Trace:
Cake\Error\BaseErrorHandler::handleError() - CORE/src/Error/BaseErrorHandler.php, line 146
App\Controller\compute - APP/Controller/RequestsController.php, line 14
App\Controller\RequestsController::add() - APP/Controller/RequestsController.php, line 56
Cake\Controller\Controller::invokeAction() - CORE/src/Controller/Controller.php, line 429
Cake\Routing\Dispatcher::_invoke() - CORE/src/Routing/Dispatcher.php, line 114
Cake\Routing\Dispatcher::dispatch() - CORE/src/Routing/Dispatcher.php, line 87
[main] - ROOT/webroot/index.php, line 37



